TN:
SF:src/BlockhashOpcodeOracle.sol
FN:31,BlockhashOpcodeOracle.poke
FN:45,BlockhashOpcodeOracle.pokeBlocknum
FN:58,BlockhashOpcodeOracle.setValidBlockhash
FNDA:2,BlockhashOpcodeOracle.pokeBlocknum
FNDA:4,BlockhashOpcodeOracle.setValidBlockhash
FNDA:1,BlockhashOpcodeOracle.poke
FNF:3
FNH:3
DA:32,1
DA:33,1
DA:34,1
DA:36,1
DA:46,2
DA:47,2
DA:48,1
DA:51,1
DA:52,1
DA:59,4
DA:61,4
LF:11
LH:11
end_of_record
TN:
SF:src/RANDAOProvider.sol
FN:179,RANDAOProvider.upgradeBlockhashOracle
FN:187,RANDAOProvider.poke
FN:201,RANDAOProvider.submitRANDAO
FN:235,RANDAOProvider.requestRandomness
FN:253,RANDAOProvider.requestRandomnessFromBlock
FN:274,RANDAOProvider.fetchRandomness
FN:295,RANDAOProvider.generateMoreRandomValues
FNDA:6,RANDAOProvider.submitRANDAO
FNDA:257,RANDAOProvider.requestRandomnessFromBlock
FNDA:0,RANDAOProvider.poke
FNDA:259,RANDAOProvider.generateMoreRandomValues
FNDA:2,RANDAOProvider.upgradeBlockhashOracle
FNDA:261,RANDAOProvider.fetchRandomness
FNDA:256,RANDAOProvider.requestRandomness
FNF:7
FNH:6
DA:180,1
DA:182,1
DA:188,0
DA:189,0
DA:191,0
DA:193,0
DA:195,0
DA:203,6
DA:206,6
DA:209,6
DA:210,6
DA:211,0
DA:215,6
DA:216,6
DA:217,3
DA:221,3
DA:224,3
DA:226,3
DA:228,3
DA:238,256
DA:239,256
DA:240,251
DA:243,256
DA:244,256
DA:255,257
DA:256,256
DA:259,1
DA:275,261
DA:279,261
DA:280,1
DA:283,260
DA:284,1
DA:288,259
DA:296,259
DA:297,259
DA:299,259
DA:300,26810
DA:301,26810
DA:304,259
LF:39
LH:33
end_of_record
TN:
SF:src/SingleBlockHeaderVerifier.sol
FN:30,Pairing.P1
FN:35,Pairing.P2
FN:59,Pairing.negate
FN:67,Pairing.addition
FN:86,Pairing.scalar_mul
FN:106,Pairing.pairing
FN:133,Pairing.pairingProd2
FN:148,Pairing.pairingProd3
FN:168,Pairing.pairingProd4
FN:209,SingleBlockHeaderVerifier.verifyingKey
FN:654,SingleBlockHeaderVerifier.verify
FN:674,SingleBlockHeaderVerifier.verifyProof
FNDA:258,SingleBlockHeaderVerifier.verifyProof
FNDA:258,SingleBlockHeaderVerifier.verify
FNDA:0,Pairing.pairingProd2
FNDA:0,Pairing.pairingProd3
FNDA:258,SingleBlockHeaderVerifier.verifyingKey
FNDA:0,Pairing.P1
FNDA:0,Pairing.addition
FNDA:0,Pairing.scalar_mul
FNDA:0,Pairing.pairingProd4
FNDA:0,Pairing.negate
FNDA:0,Pairing.P2
FNDA:0,Pairing.pairing
FNF:12
FNH:3
DA:31,0
DA:37,0
DA:61,0
DA:62,0
DA:63,0
DA:68,0
DA:69,0
DA:70,0
DA:71,0
DA:72,0
DA:73,0
DA:76,0
DA:81,0
DA:87,0
DA:88,0
DA:89,0
DA:90,0
DA:91,0
DA:94,0
DA:99,0
DA:107,0
DA:108,0
DA:109,0
DA:110,0
DA:111,0
DA:112,0
DA:113,0
DA:114,0
DA:115,0
DA:116,0
DA:117,0
DA:119,0
DA:120,0
DA:123,0
DA:128,0
DA:129,0
DA:138,0
DA:139,0
DA:140,0
DA:141,0
DA:142,0
DA:143,0
DA:144,0
DA:156,0
DA:157,0
DA:158,0
DA:159,0
DA:160,0
DA:161,0
DA:162,0
DA:163,0
DA:164,0
DA:178,0
DA:179,0
DA:180,0
DA:181,0
DA:182,0
DA:183,0
DA:184,0
DA:185,0
DA:186,0
DA:187,0
DA:188,0
DA:210,258
DA:215,258
DA:225,258
DA:235,258
DA:246,258
DA:248,258
DA:648,258
DA:649,258
DA:650,51342
DA:655,258
DA:656,258
DA:657,258
DA:659,258
DA:660,258
DA:661,51084
DA:662,51084
DA:664,258
DA:666,258
DA:669,0
DA:670,2
DA:679,258
DA:680,258
DA:681,258
DA:682,258
DA:683,258
DA:684,258
DA:685,51084
DA:687,258
DA:688,2
DA:690,0
LF:93
LH:28
end_of_record
TN:
SF:src/VDFProvider.sol
FN:85,VDFProvider.submitVDFRandomness
FN:134,VDFProvider.requestRandomness
FN:152,VDFProvider.requestRandomnessFromBlock
FN:166,VDFProvider.fetchRandomness
FN:184,VDFProvider.isValidRANDAO
FN:193,VDFProvider.generateMoreRandomValues
FNDA:0,VDFProvider.isValidRANDAO
FNDA:0,VDFProvider.generateMoreRandomValues
FNDA:0,VDFProvider.fetchRandomness
FNDA:0,VDFProvider.submitVDFRandomness
FNDA:0,VDFProvider.requestRandomnessFromBlock
FNDA:0,VDFProvider.requestRandomness
FNF:6
FNH:0
DA:91,0
DA:93,0
DA:97,0
DA:101,0
DA:108,0
DA:109,0
DA:113,0
DA:117,0
DA:119,0
DA:125,0
DA:126,0
DA:137,0
DA:138,0
DA:139,0
DA:142,0
DA:143,0
DA:154,0
DA:155,0
DA:158,0
DA:167,0
DA:171,0
DA:172,0
DA:175,0
DA:176,0
DA:180,0
DA:186,0
DA:194,0
DA:195,0
DA:197,0
DA:198,0
DA:199,0
DA:202,0
LF:32
LH:0
end_of_record
TN:
SF:src/ZKBlockhashOracle.sol
FN:34,ZKBlockhashOracle.verifyParentHash
FNDA:259,ZKBlockhashOracle.verifyParentHash
FNF:1
FNH:1
DA:42,259
DA:43,259
DA:44,16835
DA:45,16576
DA:46,16576
DA:50,259
DA:51,16835
DA:52,16576
DA:53,16576
DA:57,259
DA:58,1813
DA:59,1554
DA:60,1554
DA:62,259
DA:65,259
DA:66,1
DA:69,1
DA:70,1
DA:74,0
DA:75,0
DA:78,0
DA:82,258
DA:83,0
DA:86,2
DA:87,2
LF:25
LH:21
end_of_record
TN:
SF:src/utils/RLPReader.sol
FN:33,RLPReader.next
FN:48,RLPReader.hasNext
FN:56,RLPReader.toRlpItem
FN:70,RLPReader.iterator
FN:80,RLPReader.rlpLen
FN:88,RLPReader.payloadLocation
FN:98,RLPReader.payloadLen
FN:106,RLPReader.toList
FN:124,RLPReader.isList
FN:141,RLPReader.rlpBytesKeccak256
FN:155,RLPReader.payloadKeccak256
FN:169,RLPReader.toRlpBytes
FN:183,RLPReader.toBoolean
FN:202,RLPReader.toUint
FN:219,RLPReader.toUintStrict
FN:232,RLPReader.toBytes
FN:252,RLPReader.numItems
FN:267,RLPReader._itemLength
FN:303,RLPReader._payloadOffset
FN:326,RLPReader.copy
FNDA:0,RLPReader.toUintStrict
FNDA:0,RLPReader.numItems
FNDA:0,RLPReader.toUint
FNDA:0,RLPReader.iterator
FNDA:0,RLPReader.payloadLocation
FNDA:0,RLPReader._payloadOffset
FNDA:0,RLPReader.rlpLen
FNDA:0,RLPReader.next
FNDA:0,RLPReader.toRlpItem
FNDA:0,RLPReader.payloadLen
FNDA:0,RLPReader.toRlpBytes
FNDA:0,RLPReader.rlpBytesKeccak256
FNDA:0,RLPReader._itemLength
FNDA:0,RLPReader.isList
FNDA:0,RLPReader.toBytes
FNDA:0,RLPReader.hasNext
FNDA:0,RLPReader.toBoolean
FNDA:0,RLPReader.copy
FNDA:0,RLPReader.payloadKeccak256
FNDA:0,RLPReader.toList
FNF:20
FNH:0
DA:34,0
DA:36,0
DA:37,0
DA:38,0
DA:40,0
DA:49,0
DA:50,0
DA:57,0
DA:59,0
DA:62,0
DA:71,0
DA:73,0
DA:74,0
DA:81,0
DA:89,0
DA:90,0
DA:91,0
DA:92,0
DA:99,0
DA:100,0
DA:107,0
DA:109,0
DA:110,0
DA:112,0
DA:113,0
DA:114,0
DA:115,0
DA:116,0
DA:117,0
DA:120,0
DA:125,0
DA:127,0
DA:128,0
DA:130,0
DA:133,0
DA:134,0
DA:142,0
DA:143,0
DA:144,0
DA:146,0
DA:148,0
DA:156,0
DA:157,0
DA:159,0
DA:161,0
DA:170,0
DA:171,0
DA:173,0
DA:175,0
DA:178,0
DA:179,0
DA:184,0
DA:185,0
DA:186,0
DA:188,0
DA:195,0
DA:196,0
DA:198,0
DA:203,0
DA:205,0
DA:207,0
DA:209,0
DA:212,0
DA:215,0
DA:221,0
DA:223,0
DA:224,0
DA:226,0
DA:229,0
DA:233,0
DA:235,0
DA:236,0
DA:238,0
DA:240,0
DA:243,0
DA:244,0
DA:253,0
DA:255,0
DA:256,0
DA:257,0
DA:258,0
DA:259,0
DA:260,0
DA:263,0
DA:268,0
DA:269,0
DA:271,0
DA:274,0
DA:275,0
DA:276,0
DA:277,0
DA:278,0
DA:281,0
DA:285,0
DA:287,0
DA:288,0
DA:292,0
DA:295,0
DA:299,0
DA:304,0
DA:306,0
DA:309,0
DA:310,0
DA:311,0
DA:312,0
DA:313,0
DA:315,0
DA:317,0
DA:327,0
DA:330,0
DA:335,0
DA:336,0
DA:339,0
DA:341,0
LF:114
LH:0
end_of_record
